<?xml version="1.0" encoding="UTF-8"?>
<!-- Generated by org.testng.reporters.JUnitReportReporter -->
<testsuite hostname="del1-lhp-40604" name="com.globallogic.training.FindElementsByTagNameTest" tests="1" failures="0" timestamp="14 Sep 2016 11:06:30 GMT" time="1.470" errors="0">
  <testcase name="testFindElementMethod" time="1.470" classname="com.globallogic.training.FindElementsByTagNameTest"/>
</testsuite> <!-- com.globallogic.training.FindElementsByTagNameTest -->
