<?xml version="1.0" encoding="UTF-8"?>
<!-- Generated by org.testng.reporters.JUnitReportReporter -->
<testsuite hostname="del1-lhp-40604" name="com.globallogic.training.ChromeDriverTest" tests="1" failures="0" timestamp="2 Sep 2016 00:05:53 GMT" time="76.295" errors="0">
  <testcase name="setUp" time="76.295" classname="com.globallogic.training.ChromeDriverTest"/>
</testsuite> <!-- com.globallogic.training.ChromeDriverTest -->
