<?xml version="1.0" encoding="UTF-8"?>
<!-- Generated by org.testng.reporters.JUnitReportReporter -->
<testsuite hostname="del1-lhp-40604" name="com.globallogic.training.CaptureBrowserLogs" tests="1" failures="0" timestamp="17 Sep 2016 22:12:50 GMT" time="26.406" errors="0">
  <testcase name="testMethod" time="26.406" classname="com.globallogic.training.CaptureBrowserLogs"/>
</testsuite> <!-- com.globallogic.training.CaptureBrowserLogs -->
