<?xml version="1.0" encoding="UTF-8"?>
<!-- Generated by org.testng.reporters.JUnitReportReporter -->
<testsuite hostname="del1-lhp-40604" name="com.globallogic.training.WebFramesIdORName" tests="1" failures="0" timestamp="16 Sep 2016 20:21:34 GMT" time="14.379" errors="0">
  <testcase name="testFrameWithIdOrName" time="14.379" classname="com.globallogic.training.WebFramesIdORName"/>
</testsuite> <!-- com.globallogic.training.WebFramesIdORName -->
