<?xml version="1.0" encoding="UTF-8"?>
<!-- Generated by org.testng.reporters.JUnitReportReporter -->
<testsuite hostname="del1-lhp-40604" name="com.globallogic.training.ChromeBrowser" tests="1" failures="0" timestamp="14 Sep 2016 08:56:22 GMT" time="1.002" errors="0">
  <testcase name="testIEBrowser" time="1.002" classname="com.globallogic.training.ChromeBrowser"/>
</testsuite> <!-- com.globallogic.training.ChromeBrowser -->
