<?xml version="1.0" encoding="UTF-8"?>
<!-- Generated by org.testng.reporters.JUnitReportReporter -->
<testsuite hostname="del1-lhp-40604" name="com.globallogic.training.ElementState" tests="1" failures="0" timestamp="14 Sep 2016 21:33:16 GMT" time="0.813" errors="0">
  <testcase name="testElementState" time="0.813" classname="com.globallogic.training.ElementState"/>
</testsuite> <!-- com.globallogic.training.ElementState -->
