<?xml version="1.0" encoding="UTF-8"?>
<!-- Generated by org.testng.reporters.JUnitReportReporter -->
<testsuite hostname="del1-lhp-40604" name="com.globallogic.training.ElementRadioButton" tests="1" failures="0" timestamp="14 Sep 2016 12:28:09 GMT" time="5.590" errors="0">
  <testcase name="elementRadioButton" time="5.590" classname="com.globallogic.training.ElementRadioButton"/>
</testsuite> <!-- com.globallogic.training.ElementRadioButton -->
