<?xml version="1.0" encoding="UTF-8"?>
<!-- Generated by org.testng.reporters.JUnitReportReporter -->
<testsuite hostname="del1-lhp-40604" name="com.globallogic.training.SyncImplictWait" tests="1" failures="0" timestamp="15 Sep 2016 12:22:54 GMT" time="15.537" errors="0">
  <testcase name="testWithImplicitWait" time="15.537" classname="com.globallogic.training.SyncImplictWait"/>
</testsuite> <!-- com.globallogic.training.SyncImplictWait -->
