<?xml version="1.0" encoding="UTF-8"?>
<!-- Generated by org.testng.reporters.JUnitReportReporter -->
<testsuite hostname="del1-lhp-40604" name="com.globallogic.training.TakeElementSpecificScreenShot" tests="1" failures="0" timestamp="19 Sep 2016 10:10:35 GMT" time="10.796" errors="0">
  <testcase name="testcaptureElementSpecificScreenShot" time="10.796" classname="com.globallogic.training.TakeElementSpecificScreenShot"/>
</testsuite> <!-- com.globallogic.training.TakeElementSpecificScreenShot -->
