<?xml version="1.0" encoding="UTF-8"?>
<!-- Generated by org.testng.reporters.JUnitReportReporter -->
<testsuite hostname="del1-lhp-40604" name="com.globallogic.test.BmiCalculatorTests" tests="1" failures="0" timestamp="20 Sep 2016 09:36:17 GMT" time="207.800" errors="0">
  <testcase name="testBmiCalculation" time="207.800" classname="com.globallogic.test.BmiCalculatorTests"/>
</testsuite> <!-- com.globallogic.test.BmiCalculatorTests -->
