<?xml version="1.0" encoding="UTF-8"?>
<!-- Generated by org.testng.reporters.JUnitReportReporter -->
<testsuite hostname="del1-lhp-40604" name="com.globallogic.training.ElementPresence" tests="1" failures="0" timestamp="14 Sep 2016 22:06:58 GMT" time="1.402" errors="0">
  <testcase name="testElementPresence" time="1.402" classname="com.globallogic.training.ElementPresence"/>
</testsuite> <!-- com.globallogic.training.ElementPresence -->
