<?xml version="1.0" encoding="UTF-8"?>
<!-- Generated by org.testng.reporters.JUnitReportReporter -->
<testsuite hostname="del1-lhp-40604" name="com.globallogic.training.FindElementTest" tests="1" failures="0" timestamp="14 Sep 2016 10:55:25 GMT" time="43.381" errors="0">
  <testcase name="testFindElementMethod" time="43.381" classname="com.globallogic.training.FindElementTest"/>
</testsuite> <!-- com.globallogic.training.FindElementTest -->
