<?xml version="1.0" encoding="UTF-8"?>
<!-- Generated by org.testng.reporters.JUnitReportReporter -->
<testsuite hostname="del1-lhp-40604" name="com.globallogic.training.ActionClassDoubleClick" tests="1" failures="0" timestamp="14 Sep 2016 22:13:14 GMT" time="5.905" errors="0">
  <testcase name="testDoubleClick" time="5.905" classname="com.globallogic.training.ActionClassDoubleClick"/>
</testsuite> <!-- com.globallogic.training.ActionClassDoubleClick -->
