<?xml version="1.0" encoding="UTF-8"?>
<!-- Generated by org.testng.reporters.JUnitReportReporter -->
<testsuite hostname="del1-lhp-40604" name="com.globallogic.training.ElementCheckBox" tests="1" failures="0" timestamp="14 Sep 2016 12:34:33 GMT" time="3.785" errors="0">
  <testcase name="testCheckBox" time="3.785" classname="com.globallogic.training.ElementCheckBox"/>
</testsuite> <!-- com.globallogic.training.ElementCheckBox -->
