<?xml version="1.0" encoding="UTF-8"?>
<!-- Generated by org.testng.reporters.JUnitReportReporter -->
<testsuite hostname="del1-lhp-40604" name="com.globallogic.training.ActionClassDragAndDrop" tests="1" failures="0" timestamp="14 Sep 2016 22:33:03 GMT" time="6.194" errors="0">
  <testcase name="testDragDrop" time="6.194" classname="com.globallogic.training.ActionClassDragAndDrop"/>
</testsuite> <!-- com.globallogic.training.ActionClassDragAndDrop -->
