<?xml version="1.0" encoding="UTF-8"?>
<!-- Generated by org.testng.reporters.JUnitReportReporter -->
<testsuite hostname="del1-lhp-40604" name="com.globallogic.training.FireFoxBrowser" tests="1" failures="1" timestamp="14 Sep 2016 08:52:36 GMT" time="0.015" errors="0">
  <testcase name="testIEBrowser" time="0.015" classname="com.globallogic.training.FireFoxBrowser">
    <failure type="org.openqa.selenium.WebDriverException" message="Failed to connect to binary FirefoxBinary(C:\Program Files\Mozilla Firefox\firefox.exe) on port 7055; process output follows: 
ey&quot;:null,&quot;optionsURL&quot;:null,&quot;optionsType&quot;:null,&quot;aboutURL&quot;:null,&quot;icons&quot;:{},&quot;iconURL&quot;:&quot;chrome://httpwatch/content/install.png&quot;,&quot;icon64URL&quot;:null,&quot;defaultLocale&quot;:{&quot;name&quot;:&quot;HttpWatch Basic Edition&quot;,&quot;description&quot;:&quot;HttpWatch is an HTTP sniffer and debugger for Firefox. (For updates go to http://www.httpwatch.com/download/)&quot;,&quot;creator&quot;:&quot;Simtec Limited&quot;,&quot;homepageURL&quot;:&quot;http://www.httpwatch.com&quot;},&quot;visible&quot;:true,&quot;active&quot;:false,&quot;userDisabled&quot;:true,&quot;appDisabled&quot;:true,&quot;descriptor&quot;:&quot;C:\\Program Files\\HttpWatch\\Firefox&quot;,&quot;installDate&quot;:1406022030093,&quot;updateDate&quot;:1406022030093,&quot;applyBackgroundUpdates&quot;:1,&quot;bootstrap&quot;:false,&quot;skinnable&quot;:false,&quot;size&quot;:88959569,&quot;sourceURI&quot;:null,&quot;releaseNotesURI&quot;:null,&quot;softDisabled&quot;:false,&quot;foreignInstall&quot;:true,&quot;hasBinaryComponents&quot;:true,&quot;strictCompatibility&quot;:false,&quot;locales&quot;:[],&quot;targetApplications&quot;:[{&quot;id&quot;:&quot;{ec8030f7-c20a-464f-9b0e-13a3a9e97384}&quot;,&quot;minVersion&quot;:&quot;24.0&quot;,&quot;maxVersion&quot;:&quot;31.*&quot;}],&quot;targetPlatforms&quot;:[{&quot;os&quot;:&quot;WINNT&quot;,&quot;abi&quot;:&quot;x86-msvc&quot;}],&quot;multiprocessCompatible&quot;:false,&quot;signedState&quot;:0,&quot;seen&quot;:true}
1473843124435	DeferredSave.extensions.json	DEBUG	Save changes
1473843124435	addons.xpi	DEBUG	Updating database with changes to installed add-ons
1473843124435	addons.xpi-utils	DEBUG	Updating add-on states
1473843124451	addons.xpi-utils	DEBUG	Writing add-ons list
1473843124472	addons.xpi	DEBUG	Registering manifest for C:\Program Files\Mozilla Firefox\browser\features\e10srollout@mozilla.org.xpi
1473843124473	addons.xpi	DEBUG	Calling bootstrap method startup on e10srollout@mozilla.org version 1.1
1473843124473	addons.xpi	DEBUG	Registering manifest for C:\Program Files\Mozilla Firefox\browser\features\firefox@getpocket.com.xpi
1473843124474	addons.xpi	DEBUG	Calling bootstrap method startup on firefox@getpocket.com version 1.0.4
1473843124475	addons.xpi	DEBUG	Registering manifest for C:\Program Files\Mozilla Firefox\browser\features\loop@mozilla.org.xpi
1473843124476	addons.xpi	DEBUG	Calling bootstrap method startup on loop@mozilla.org version 1.4.4
1473843124922	addons.manager	DEBUG	Registering shutdown blocker for XPIProvider
1473843124922	addons.manager	DEBUG	Provider finished startup: XPIProvider
1473843124922	addons.manager	DEBUG	Starting provider: LightweightThemeManager
1473843124922	addons.manager	DEBUG	Registering shutdown blocker for LightweightThemeManager
1473843124923	addons.manager	DEBUG	Provider finished startup: LightweightThemeManager
1473843124923	addons.manager	DEBUG	Starting provider: GMPProvider
1473843124961	addons.manager	DEBUG	Registering shutdown blocker for GMPProvider
1473843124962	addons.manager	DEBUG	Provider finished startup: GMPProvider
1473843124962	addons.manager	DEBUG	Starting provider: PluginProvider
1473843124962	addons.manager	DEBUG	Registering shutdown blocker for PluginProvider
1473843124962	addons.manager	DEBUG	Provider finished startup: PluginProvider
1473843124963	addons.manager	DEBUG	Completed startup sequence
1473843134392	addons.manager	DEBUG	Starting provider: &lt;unnamed-provider&gt;
1473843134392	addons.manager	DEBUG	Registering shutdown blocker for &lt;unnamed-provider&gt;
1473843134392	addons.manager	DEBUG	Provider finished startup: &lt;unnamed-provider&gt;
1473843139460	DeferredSave.extensions.json	DEBUG	Write succeeded
1473843139460	addons.xpi-utils	DEBUG	XPI Database saved, setting schema version preference to 17
1473843139460	DeferredSave.extensions.json	DEBUG	Starting timer
1473843139485	DeferredSave.extensions.json	DEBUG	Starting write
1473843139488	addons.repository	DEBUG	No addons.json found.
1473843139490	DeferredSave.addons.json	DEBUG	Save changes
1473843139541	DeferredSave.addons.json	DEBUG	Starting timer
1473843140632	addons.manager	DEBUG	Starting provider: PreviousExperimentProvider
1473843140632	addons.manager	DEBUG	Registering shutdown blocker for PreviousExperimentProvider
1473843140633	addons.manager	DEBUG	Provider finished startup: PreviousExperimentProvider
1473843140639	DeferredSave.addons.json	DEBUG	Starting write
1473843141101	DeferredSave.extensions.json	DEBUG	Write succeeded
1473843141130	DeferredSave.addons.json	DEBUG	Write succeeded

Build info: version: &#039;2.53.1&#039;, revision: &#039;a36b8b1cd5757287168e54b817830adce9b0158d&#039;, time: &#039;2016-06-30 19:26:09&#039;
System info: host: &#039;del1-lhp-40604&#039;, ip: &#039;172.16.17.57&#039;, os.name: &#039;Windows 7&#039;, os.arch: &#039;x86&#039;, os.version: &#039;6.1&#039;, java.version: &#039;1.8.0_45&#039;
Driver info: driver.version: FirefoxDriver">
      <![CDATA[org.openqa.selenium.WebDriverException: Failed to connect to binary FirefoxBinary(C:\Program Files\Mozilla Firefox\firefox.exe) on port 7055; process output follows: 
ey":null,"optionsURL":null,"optionsType":null,"aboutURL":null,"icons":{},"iconURL":"chrome://httpwatch/content/install.png","icon64URL":null,"defaultLocale":{"name":"HttpWatch Basic Edition","description":"HttpWatch is an HTTP sniffer and debugger for Firefox. (For updates go to http://www.httpwatch.com/download/)","creator":"Simtec Limited","homepageURL":"http://www.httpwatch.com"},"visible":true,"active":false,"userDisabled":true,"appDisabled":true,"descriptor":"C:\\Program Files\\HttpWatch\\Firefox","installDate":1406022030093,"updateDate":1406022030093,"applyBackgroundUpdates":1,"bootstrap":false,"skinnable":false,"size":88959569,"sourceURI":null,"releaseNotesURI":null,"softDisabled":false,"foreignInstall":true,"hasBinaryComponents":true,"strictCompatibility":false,"locales":[],"targetApplications":[{"id":"{ec8030f7-c20a-464f-9b0e-13a3a9e97384}","minVersion":"24.0","maxVersion":"31.*"}],"targetPlatforms":[{"os":"WINNT","abi":"x86-msvc"}],"multiprocessCompatible":false,"signedState":0,"seen":true}
1473843124435	DeferredSave.extensions.json	DEBUG	Save changes
1473843124435	addons.xpi	DEBUG	Updating database with changes to installed add-ons
1473843124435	addons.xpi-utils	DEBUG	Updating add-on states
1473843124451	addons.xpi-utils	DEBUG	Writing add-ons list
1473843124472	addons.xpi	DEBUG	Registering manifest for C:\Program Files\Mozilla Firefox\browser\features\e10srollout@mozilla.org.xpi
1473843124473	addons.xpi	DEBUG	Calling bootstrap method startup on e10srollout@mozilla.org version 1.1
1473843124473	addons.xpi	DEBUG	Registering manifest for C:\Program Files\Mozilla Firefox\browser\features\firefox@getpocket.com.xpi
1473843124474	addons.xpi	DEBUG	Calling bootstrap method startup on firefox@getpocket.com version 1.0.4
1473843124475	addons.xpi	DEBUG	Registering manifest for C:\Program Files\Mozilla Firefox\browser\features\loop@mozilla.org.xpi
1473843124476	addons.xpi	DEBUG	Calling bootstrap method startup on loop@mozilla.org version 1.4.4
1473843124922	addons.manager	DEBUG	Registering shutdown blocker for XPIProvider
1473843124922	addons.manager	DEBUG	Provider finished startup: XPIProvider
1473843124922	addons.manager	DEBUG	Starting provider: LightweightThemeManager
1473843124922	addons.manager	DEBUG	Registering shutdown blocker for LightweightThemeManager
1473843124923	addons.manager	DEBUG	Provider finished startup: LightweightThemeManager
1473843124923	addons.manager	DEBUG	Starting provider: GMPProvider
1473843124961	addons.manager	DEBUG	Registering shutdown blocker for GMPProvider
1473843124962	addons.manager	DEBUG	Provider finished startup: GMPProvider
1473843124962	addons.manager	DEBUG	Starting provider: PluginProvider
1473843124962	addons.manager	DEBUG	Registering shutdown blocker for PluginProvider
1473843124962	addons.manager	DEBUG	Provider finished startup: PluginProvider
1473843124963	addons.manager	DEBUG	Completed startup sequence
1473843134392	addons.manager	DEBUG	Starting provider: <unnamed-provider>
1473843134392	addons.manager	DEBUG	Registering shutdown blocker for <unnamed-provider>
1473843134392	addons.manager	DEBUG	Provider finished startup: <unnamed-provider>
1473843139460	DeferredSave.extensions.json	DEBUG	Write succeeded
1473843139460	addons.xpi-utils	DEBUG	XPI Database saved, setting schema version preference to 17
1473843139460	DeferredSave.extensions.json	DEBUG	Starting timer
1473843139485	DeferredSave.extensions.json	DEBUG	Starting write
1473843139488	addons.repository	DEBUG	No addons.json found.
1473843139490	DeferredSave.addons.json	DEBUG	Save changes
1473843139541	DeferredSave.addons.json	DEBUG	Starting timer
1473843140632	addons.manager	DEBUG	Starting provider: PreviousExperimentProvider
1473843140632	addons.manager	DEBUG	Registering shutdown blocker for PreviousExperimentProvider
1473843140633	addons.manager	DEBUG	Provider finished startup: PreviousExperimentProvider
1473843140639	DeferredSave.addons.json	DEBUG	Starting write
1473843141101	DeferredSave.extensions.json	DEBUG	Write succeeded
1473843141130	DeferredSave.addons.json	DEBUG	Write succeeded

Build info: version: '2.53.1', revision: 'a36b8b1cd5757287168e54b817830adce9b0158d', time: '2016-06-30 19:26:09'
System info: host: 'del1-lhp-40604', ip: '172.16.17.57', os.name: 'Windows 7', os.arch: 'x86', os.version: '6.1', java.version: '1.8.0_45'
Driver info: driver.version: FirefoxDriver
	at org.openqa.selenium.firefox.internal.NewProfileExtensionConnection.start(NewProfileExtensionConnection.java:125)
	at org.openqa.selenium.firefox.FirefoxDriver.startClient(FirefoxDriver.java:271)
	at org.openqa.selenium.remote.RemoteWebDriver.<init>(RemoteWebDriver.java:119)
	at org.openqa.selenium.firefox.FirefoxDriver.<init>(FirefoxDriver.java:216)
	at org.openqa.selenium.firefox.FirefoxDriver.<init>(FirefoxDriver.java:211)
	at org.openqa.selenium.firefox.FirefoxDriver.<init>(FirefoxDriver.java:207)
	at org.openqa.selenium.firefox.FirefoxDriver.<init>(FirefoxDriver.java:120)
	at com.globallogic.training.FireFoxBrowser.setUp(FireFoxBrowser.java:25)
	at sun.reflect.NativeMethodAccessorImpl.invoke0(Native Method)
	at sun.reflect.NativeMethodAccessorImpl.invoke(Unknown Source)
	at sun.reflect.DelegatingMethodAccessorImpl.invoke(Unknown Source)
	at java.lang.reflect.Method.invoke(Unknown Source)
	at org.testng.internal.MethodInvocationHelper.invokeMethod(MethodInvocationHelper.java:84)
	at org.testng.internal.Invoker.invokeConfigurationMethod(Invoker.java:564)
	at org.testng.internal.Invoker.invokeConfigurations(Invoker.java:213)
	at org.testng.internal.Invoker.invokeConfigurations(Invoker.java:138)
	at org.testng.TestRunner.beforeRun(TestRunner.java:641)
	at org.testng.TestRunner.run(TestRunner.java:609)
	at org.testng.SuiteRunner.runTest(SuiteRunner.java:334)
	at org.testng.SuiteRunner.runSequentially(SuiteRunner.java:329)
	at org.testng.SuiteRunner.privateRun(SuiteRunner.java:291)
	at org.testng.SuiteRunner.run(SuiteRunner.java:240)
	at org.testng.SuiteRunnerWorker.runSuite(SuiteRunnerWorker.java:52)
	at org.testng.SuiteRunnerWorker.run(SuiteRunnerWorker.java:86)
	at org.testng.TestNG.runSuitesSequentially(TestNG.java:1224)
	at org.testng.TestNG.runSuitesLocally(TestNG.java:1149)
	at org.testng.TestNG.run(TestNG.java:1057)
	at org.testng.remote.RemoteTestNG.run(RemoteTestNG.java:111)
	at org.testng.remote.RemoteTestNG.initAndRun(RemoteTestNG.java:204)
	at org.testng.remote.RemoteTestNG.main(RemoteTestNG.java:175)
Caused by: org.openqa.selenium.firefox.NotConnectedException: Unable to connect to host 127.0.0.1 on port 7055 after 45000 ms. Firefox console output:
ey":null,"optionsURL":null,"optionsType":null,"aboutURL":null,"icons":{},"iconURL":"chrome://httpwatch/content/install.png","icon64URL":null,"defaultLocale":{"name":"HttpWatch Basic Edition","description":"HttpWatch is an HTTP sniffer and debugger for Firefox. (For updates go to http://www.httpwatch.com/download/)","creator":"Simtec Limited","homepageURL":"http://www.httpwatch.com"},"visible":true,"active":false,"userDisabled":true,"appDisabled":true,"descriptor":"C:\\Program Files\\HttpWatch\\Firefox","installDate":1406022030093,"updateDate":1406022030093,"applyBackgroundUpdates":1,"bootstrap":false,"skinnable":false,"size":88959569,"sourceURI":null,"releaseNotesURI":null,"softDisabled":false,"foreignInstall":true,"hasBinaryComponents":true,"strictCompatibility":false,"locales":[],"targetApplications":[{"id":"{ec8030f7-c20a-464f-9b0e-13a3a9e97384}","minVersion":"24.0","maxVersion":"31.*"}],"targetPlatforms":[{"os":"WINNT","abi":"x86-msvc"}],"multiprocessCompatible":false,"signedState":0,"seen":true}
1473843124435	DeferredSave.extensions.json	DEBUG	Save changes
1473843124435	addons.xpi	DEBUG	Updating database with changes to installed add-ons
1473843124435	addons.xpi-utils	DEBUG	Updating add-on states
1473843124451	addons.xpi-utils	DEBUG	Writing add-ons list
1473843124472	addons.xpi	DEBUG	Registering manifest for C:\Program Files\Mozilla Firefox\browser\features\e10srollout@mozilla.org.xpi
1473843124473	addons.xpi	DEBUG	Calling bootstrap method startup on e10srollout@mozilla.org version 1.1
1473843124473	addons.xpi	DEBUG	Registering manifest for C:\Program Files\Mozilla Firefox\browser\features\firefox@getpocket.com.xpi
1473843124474	addons.xpi	DEBUG	Calling bootstrap method startup on firefox@getpocket.com version 1.0.4
1473843124475	addons.xpi	DEBUG	Registering manifest for C:\Program Files\Mozilla Firefox\browser\features\loop@mozilla.org.xpi
1473843124476	addons.xpi	DEBUG	Calling bootstrap method startup on loop@mozilla.org version 1.4.4
1473843124922	addons.manager	DEBUG	Registering shutdown blocker for XPIProvider
1473843124922	addons.manager	DEBUG	Provider finished startup: XPIProvider
1473843124922	addons.manager	DEBUG	Starting provider: LightweightThemeManager
1473843124922	addons.manager	DEBUG	Registering shutdown blocker for LightweightThemeManager
1473843124923	addons.manager	DEBUG	Provider finished startup: LightweightThemeManager
1473843124923	addons.manager	DEBUG	Starting provider: GMPProvider
1473843124961	addons.manager	DEBUG	Registering shutdown blocker for GMPProvider
1473843124962	addons.manager	DEBUG	Provider finished startup: GMPProvider
1473843124962	addons.manager	DEBUG	Starting provider: PluginProvider
1473843124962	addons.manager	DEBUG	Registering shutdown blocker for PluginProvider
1473843124962	addons.manager	DEBUG	Provider finished startup: PluginProvider
1473843124963	addons.manager	DEBUG	Completed startup sequence
1473843134392	addons.manager	DEBUG	Starting provider: <unnamed-provider>
1473843134392	addons.manager	DEBUG	Registering shutdown blocker for <unnamed-provider>
1473843134392	addons.manager	DEBUG	Provider finished startup: <unnamed-provider>
1473843139460	DeferredSave.extensions.json	DEBUG	Write succeeded
1473843139460	addons.xpi-utils	DEBUG	XPI Database saved, setting schema version preference to 17
1473843139460	DeferredSave.extensions.json	DEBUG	Starting timer
1473843139485	DeferredSave.extensions.json	DEBUG	Starting write
1473843139488	addons.repository	DEBUG	No addons.json found.
1473843139490	DeferredSave.addons.json	DEBUG	Save changes
1473843139541	DeferredSave.addons.json	DEBUG	Starting timer
1473843140632	addons.manager	DEBUG	Starting provider: PreviousExperimentProvider
1473843140632	addons.manager	DEBUG	Registering shutdown blocker for PreviousExperimentProvider
1473843140633	addons.manager	DEBUG	Provider finished startup: PreviousExperimentProvider
1473843140639	DeferredSave.addons.json	DEBUG	Starting write
1473843141101	DeferredSave.extensions.json	DEBUG	Write succeeded
1473843141130	DeferredSave.addons.json	DEBUG	Write succeeded

	at org.openqa.selenium.firefox.internal.NewProfileExtensionConnection.start(NewProfileExtensionConnection.java:113)
	... 29 more
]]>
    </failure>
  </testcase> <!-- testIEBrowser -->
</testsuite> <!-- com.globallogic.training.FireFoxBrowser -->
