<?xml version="1.0" encoding="UTF-8"?>
<!-- Generated by org.testng.reporters.JUnitReportReporter -->
<testsuite hostname="del1-lhp-40604" name="com.globallogic.test.SearchTest" tests="1" failures="0" timestamp="21 Sep 2016 11:26:49 GMT" time="40.310" errors="0">
  <testcase name="testProductSearch" time="40.310" classname="com.globallogic.test.SearchTest"/>
</testsuite> <!-- com.globallogic.test.SearchTest -->
