<?xml version="1.0" encoding="UTF-8"?>
<!-- Generated by org.testng.reporters.JUnitReportReporter -->
<testsuite hostname="del1-lhp-40604" name="com.globallogic.training.TextBox" tests="1" failures="0" timestamp="14 Sep 2016 11:25:32 GMT" time="20.964" errors="0">
  <testcase name="testTextBox" time="20.964" classname="com.globallogic.training.TextBox"/>
</testsuite> <!-- com.globallogic.training.TextBox -->
