<?xml version="1.0" encoding="UTF-8"?>
<!-- Generated by org.testng.reporters.JUnitReportReporter -->
<testsuite hostname="del1-lhp-40604" name="com.globallogic.training.TakeScreenShot" tests="1" failures="0" timestamp="15 Sep 2016 11:54:16 GMT" time="0.859" errors="0">
  <testcase name="testTakeScreenShot" time="0.859" classname="com.globallogic.training.TakeScreenShot"/>
</testsuite> <!-- com.globallogic.training.TakeScreenShot -->
