<?xml version="1.0" encoding="UTF-8"?>
<!-- Generated by org.testng.reporters.JUnitReportReporter -->
<testsuite hostname="del1-lhp-40604" name="com.globallogic.training.BmiCalculatorTests" tests="1" failures="0" timestamp="19 Sep 2016 18:39:31 GMT" time="46.416" errors="0">
  <testcase name="testBmiCalculation" time="46.416" classname="com.globallogic.training.BmiCalculatorTests"/>
</testsuite> <!-- com.globallogic.training.BmiCalculatorTests -->
