<?xml version="1.0" encoding="UTF-8"?>
<!-- Generated by org.testng.reporters.JUnitReportReporter -->
<testsuite hostname="del1-lhp-40604" name="com.globallogic.training.ElementDropDown" tests="1" failures="0" timestamp="14 Sep 2016 12:13:03 GMT" time="11.236" errors="0">
  <testcase name="testMultipleSelectList" time="11.236" classname="com.globallogic.training.ElementDropDown"/>
</testsuite> <!-- com.globallogic.training.ElementDropDown -->
