<?xml version="1.0" encoding="UTF-8"?>
<!-- Generated by org.testng.reporters.JUnitReportReporter -->
<testsuite hostname="del1-lhp-40604" name="com.globallogic.training.SyncExplicitWaitExpectedCondition" tests="1" failures="0" timestamp="15 Sep 2016 19:21:29 GMT" time="6.264" errors="0">
  <testcase name="testExplicitWaitCustomConditionUsingFunction" time="6.264" classname="com.globallogic.training.SyncExplicitWaitExpectedCondition"/>
</testsuite> <!-- com.globallogic.training.SyncExplicitWaitExpectedCondition -->
