<?xml version="1.0" encoding="UTF-8"?>
<!-- Generated by org.testng.reporters.JUnitReportReporter -->
<testsuite hostname="del1-lhp-40604" name="com.globallogic.training.WebMultipleWindows" tests="1" failures="0" timestamp="17 Sep 2016 18:22:46 GMT" time="4.087" errors="0">
  <testcase name="testWindowUsingName" time="4.087" classname="com.globallogic.training.WebMultipleWindows"/>
</testsuite> <!-- com.globallogic.training.WebMultipleWindows -->
