<?xml version="1.0" encoding="UTF-8"?>
<!-- Generated by org.testng.reporters.JUnitReportReporter -->
<testsuite hostname="del1-lhp-40604" name="com.globallogic.training.PhantomjsTest" tests="1" failures="0" timestamp="23 Sep 2016 08:06:55 GMT" time="4.276" errors="0">
  <testcase name="testBmiCalc" time="4.276" classname="com.globallogic.training.PhantomjsTest"/>
</testsuite> <!-- com.globallogic.training.PhantomjsTest -->
