<?xml version="1.0" encoding="UTF-8"?>
<!-- Generated by org.testng.reporters.JUnitReportReporter -->
<testsuite hostname="del1-lhp-40604" name="com.globallogic.training.ActionClassContextMenu" tests="1" failures="0" timestamp="26 Sep 2016 07:49:58 GMT" time="1.271" errors="0">
  <testcase name="testContextMenu" time="1.271" classname="com.globallogic.training.ActionClassContextMenu"/>
</testsuite> <!-- com.globallogic.training.ActionClassContextMenu -->
