<?xml version="1.0" encoding="UTF-8"?>
<!-- Generated by org.testng.reporters.JUnitReportReporter -->
<testsuite hostname="del1-lhp-40604" name="com.globallogic.training.WebElementExtender" tests="1" failures="0" timestamp="19 Sep 2016 09:51:40 GMT" time="5.184" errors="0">
  <testcase name="testWebElementExtenderSetandHighlightAttribute" time="5.184" classname="com.globallogic.training.WebElementExtender"/>
</testsuite> <!-- com.globallogic.training.WebElementExtender -->
