<?xml version="1.0" encoding="UTF-8"?>
<!-- Generated by org.testng.reporters.JUnitReportReporter -->
<testsuite hostname="del1-lhp-40604" name="com.globallogic.training.ElementText" tests="1" failures="0" timestamp="14 Sep 2016 11:32:44 GMT" time="4.494" errors="0">
  <testcase name="testTextBox" time="4.494" classname="com.globallogic.training.ElementText"/>
</testsuite> <!-- com.globallogic.training.ElementText -->
