<?xml version="1.0" encoding="UTF-8"?>
<!-- Generated by org.testng.reporters.JUnitReportReporter -->
<testsuite hostname="del1-lhp-40604" name="com.globallogic.training.ActionClassWithKeyBoard" tests="1" failures="0" timestamp="16 Sep 2016 18:16:36 GMT" time="11.376" errors="0">
  <testcase name="testRowSelectionUsingControlKey" time="11.376" classname="com.globallogic.training.ActionClassWithKeyBoard"/>
</testsuite> <!-- com.globallogic.training.ActionClassWithKeyBoard -->
