<?xml version="1.0" encoding="UTF-8"?>
<!-- Generated by org.testng.reporters.JUnitReportReporter -->
<testsuite hostname="del1-lhp-40604" name="com.globallogic.training.CsvTestDataUsingTestNG" tests="4" failures="0" timestamp="12 Sep 2016 16:39:51 GMT" time="1.204" errors="0">
  <testcase name="testBMICalculator" time="0.155" classname="com.globallogic.training.CsvTestDataUsingTestNG"/>
  <testcase name="testBMICalculator" time="0.437" classname="com.globallogic.training.CsvTestDataUsingTestNG"/>
  <testcase name="testBMICalculator" time="0.162" classname="com.globallogic.training.CsvTestDataUsingTestNG"/>
  <testcase name="testBMICalculator" time="0.450" classname="com.globallogic.training.CsvTestDataUsingTestNG"/>
</testsuite> <!-- com.globallogic.training.CsvTestDataUsingTestNG -->
