<?xml version="1.0" encoding="UTF-8"?>
<!-- Generated by org.testng.reporters.JUnitReportReporter -->
<testsuite hostname="del1-lhp-40604" name="com.globallogic.training.ElementAttributeANDCSSValue" tests="1" failures="0" timestamp="14 Sep 2016 12:24:34 GMT" time="5.344" errors="0">
  <testcase name="elementAttributeAndCssValue" time="5.344" classname="com.globallogic.training.ElementAttributeANDCSSValue"/>
</testsuite> <!-- com.globallogic.training.ElementAttributeANDCSSValue -->
