<?xml version="1.0" encoding="UTF-8"?>
<!-- Generated by org.testng.reporters.JUnitReportReporter -->
<testsuite hostname="del1-lhp-40604" name="com.globallogic.training.JavaScriptExecution" tests="1" failures="0" timestamp="14 Sep 2016 22:48:54 GMT" time="3.054" errors="0">
  <testcase name="testJavaScript" time="3.054" classname="com.globallogic.training.JavaScriptExecution"/>
</testsuite> <!-- com.globallogic.training.JavaScriptExecution -->
