<?xml version="1.0" encoding="UTF-8"?>
<!-- Generated by org.testng.reporters.JUnitReportReporter -->
<testsuite hostname="del1-lhp-40604" name="com.globallogic.training.PhantomjsTest" tests="1" failures="0" timestamp="23 Sep 2016 11:36:37 GMT" time="4.705" errors="0">
  <testcase name="testBmiCalc" time="4.705" classname="com.globallogic.training.PhantomjsTest"/>
</testsuite> <!-- com.globallogic.training.PhantomjsTest -->
