<?xml version="1.0" encoding="UTF-8"?>
<!-- Generated by org.testng.reporters.JUnitReportReporter -->
<testsuite hostname="del1-lhp-40604" name="com.globallogic.training.ElementWebTable" tests="1" failures="0" timestamp="23 Sep 2016 11:36:37 GMT" time="11.358" errors="0">
  <testcase name="testWebTable" time="11.358" classname="com.globallogic.training.ElementWebTable"/>
</testsuite> <!-- com.globallogic.training.ElementWebTable -->
